[2016-12-27 09:02:50] Processed: App\Jobs\MetricJob
[2016-12-27 09:03:37] Processed: App\Jobs\MetricJob
[2016-12-27 09:04:24] Processed: App\Jobs\MetricJob
[2016-12-27 09:04:24] Processed: App\Jobs\CheckJob
[2016-12-27 09:05:17] Processed: App\Jobs\MetricJob[2016-12-27 09:05:17] Processed: App\Jobs\MetricJob
[2016-12-27 09:06:07] Processed: App\Jobs\MetricJob
[2016-12-27 09:06:07] Processed: App\Jobs\CheckJob
[2016-12-27 09:06:54] Processed: App\Jobs\MetricJob
[2016-12-27 09:07:47] Processed: App\Jobs\MetricJob
[2016-12-27 09:07:47] Processed: App\Jobs\CheckJob
[2016-12-27 09:08:37] Processed: App\Jobs\MetricJob
[2016-12-27 09:09:26] Processed: App\Jobs\MetricJob
[2016-12-27 09:10:19] Processed: App\Jobs\MetricJob
[2016-12-27 09:11:11] Processed: App\Jobs\MetricJob
[2016-12-27 09:11:58] Processed: App\Jobs\MetricJob
[2016-12-27 09:11:58] Processed: App\Jobs\CheckJob
[2016-12-27 09:12:52] Processed: App\Jobs\MetricJob
[2016-12-27 09:12:52] Processed: App\Jobs\CheckJob
[2016-12-27 09:12:53] Processed: App\Jobs\CheckJob[2016-12-27 09:12:55] Processed: App\Jobs\MetricJob[[2016-12-27 09:13:46] Processed: App\Jobs\MetricJob[[2016-12-27 09:14:36] Processed: App\Jobs\MetricJob[[2016-12-27 09:15:28] Processed: App\Jobs\MetricJob
[2016-12-27 09:16:21] Processed: App\Jobs\MetricJob
[2016-12-27 09:16:21] Processed: App\Jobs\CheckJob[2016-12-27 09:16:35] Processed: App\Jobs\MetricJob
[2016-12-27 09:17:25] Processed: App\Jobs\MetricJob
[2016-12-27 09:18:19] Processed: App\Jobs\MetricJob
[2016-12-27 09:19:14] Processed: App\Jobs\MetricJob
[2016-12-27 09:19:14] Processed: App\Jobs\CheckJob
[2016-12-27 09:19:14] Processed: App\Jobs\CheckJob
[2016-12-27 09:20:04] Processed: App\Jobs\MetricJob
[2016-12-27 09:20:34] Processed: App\Jobs\MetricJob[2016-12-27 09:20:56] Processed: App\Jobs\MetricJob
[2016-12-27 09:21:44] Processed: App\Jobs\MetricJob[[2016-12-27 09:22:33] Processed: App\Jobs\MetricJob[[2016-12-27 09:23:23] Processed: App\Jobs\MetricJob
[2016-12-27 09:23:23] Processed: App\Jobs\CheckJob
[2016-12-27 09:24:18] Processed: App\Jobs\MetricJob
[2016-12-27 09:24:18] Processed: App\Jobs\CheckJob[2016-12-27 09:24:25] Processed: App\Jobs\MetricJob
[20[2016-12-27 09:24:31] Processed: App\Jobs\Metric[2016-12-27 09:25:16] Processed: App\Jobs\MetricJob
[2016-12-27 09:26:04] Processed: App\Jobs\MetricJob
[2016-12-27 09:26:33] Processed: App\Jobs\MetricJob
[2016-12-27 09:27:23] Processed: App\Jobs\MetricJob
[2016-12-27 09:28:12] Processed: App\Jobs\MetricJob
[2016-12-27 09:29:04] Processed: App\Jobs\MetricJob
[2016-12-27 09:29:04] Processed: App\Jobs\CheckJob
[2016-12-27 09:29:05] Processed: App\Jobs\CheckJob[2016-12-27 09:29:32] Processed: App\Jobs\MetricJob
[2016-12-27 09:29:55] Processed: App\Jobs\MetricJob[[2016-12-27 09:30:43] Processed: App\Jobs\MetricJob
[2016-12-27 09:31:36] Processed: App\Jobs\MetricJob
[2016-12-27 09:32:25] Processed: App\Jobs\MetricJob
[2016-12-27 09:33:15] Processed: App\Jobs\MetricJob
[2016-12-27 09:33:15] Processed: App\Jobs\CheckJob
[2016-12-27 09:34:07] Processed: App\Jobs\MetricJob
[2016-12-27 09:34:57] Processed: App\Jobs\MetricJob
[2016-12-27 09:34:57] Processed: App\Jobs\CheckJob[[2016-12-27 09:35:46] Processed: App\Jobs\MetricJob[2016-12-27 09:36:07] Processed: App\Jobs\MetricJob
[2016-12-27 09:36:37] Processed: App\Jobs\MetricJob[[2016-12-27 09:37:28] Processed: App\Jobs\MetricJob[[2016-12-27 09:38:17] Processed: App\Jobs\MetricJob
[2016-12-27 09:38:17] Processed: App\Jobs\CheckJob[[2016-12-27 09:39:09] Processed: App\Jobs\MetricJob[2016-12-27 09:39:33] Processed: App\Jobs\MetricJob
[2016-12-27 09:40:26] Processed: App\Jobs\MetricJob
[2016-12-27 09:41:16] Processed: App\Jobs\MetricJob
[2016-12-27 09:41:17] Processed: App\Jobs\CheckJob[[2016-12-27 09:41:43] Processed: App\Jobs\MetricJob
[2016-12-27 09:42:36] Processed: App\Jobs\MetricJob
[2016-12-27 09:42:36] Processed: App\Jobs\CheckJob
[2016-12-27 09:43:27] Processed: App\Jobs\MetricJob
[2016-12-27 09:43:27] Processed: App\Jobs\CheckJob
[2016-12-27 09:44:15] Processed: App\Jobs\MetricJob
[2016-12-27 09:45:11] Processed: App\Jobs\MetricJob
[2016-12-27 09:46:04] Processed: App\Jobs\MetricJob
[2016-12-27 09:46:04] Processed: App\Jobs\CheckJob
[2016-12-27 09:46:04] Processed: App\Jobs\CheckJob
[2016-12-27 09:46:04] Processed: App\Jobs\CheckJob[2016-12-27 09:46:53] Processed: App\Jobs\MetricJob
[2016-12-27 09:47:43] Processed: App\Jobs\MetricJob
[2016-12-27 09:48:38] Processed: App\Jobs\MetricJob
[2016-12-27 09:49:30] Processed: App\Jobs\MetricJob
[2016-12-27 09:50:19] Processed: App\Jobs\MetricJob
[2016-12-27 09:50:19] Processed: App\Jobs\CheckJob
[2016-12-27 09:51:12] Processed: App\Jobs\MetricJob
[2016-12-27 09:51:12] Processed: App\Jobs\CheckJob
[2016-12-27 09:52:04] Processed: App\Jobs\MetricJob
[2016-12-27 09:52:54] Processed: App\Jobs\MetricJob
[2016-12-27 09:53:48] Processed: App\Jobs\MetricJob
[2016-12-27 09:53:48] Processed: App\Jobs\CheckJob
[2016-12-27 09:54:41] Processed: App\Jobs\MetricJob
[2016-12-27 09:55:31] Processed: App\Jobs\MetricJob
[2016-12-27 09:56:23] Processed: App\Jobs\MetricJob
[2016-12-27 09:57:17] Processed: App\Jobs\MetricJob
[2016-12-27 09:58:09] Processed: App\Jobs\MetricJob
[2016-12-27 09:59:00] Processed: App\Jobs\MetricJob
[2016-12-27 09:59:00] Processed: App\Jobs\CheckJob
2016-12-27 09:54:58] Processed: App\Jobs\Metri[[201[2016-12-27 09:55:49] Processed: App\Jobs\Metri[[201[2016-12-27 09:56:37] Processed: App\Jobs\Metric[2016-12-27 09:57:17] Processed: App\Jobs\MetricJob
[20[2016-12-27 09:58:06] Processed: App\Jobs\Metric[201[2016-12-27 09:58:59] Processed: App\Jobs\Metric[2016-12-27 09:59:04] Processed: App\Jobs\MetricJob[2016-12-27 09:59:22] Processed: App\Jobs\MetricJob
201[2016-12-27 09:59:10] Processed: App\Jobs\MetricJob
6-12-27 09:59:05] Processed: App\Jobs\CheckJob
[2016-12-27 09:59:05] Processed: App\Jobs\CheckJob
2016-12-27 09:56:57] Processed: App\Jobs\MetricJob
[[2016-12-27 09:57:10] Processed: App\Jobs\MetricJo[2[2016-12-27 09:58:06] Processed: App\Jobs\MetricJob[[2016-12-27 09:58:56] Processed: App\Jobs\MetricJob
16-12-27 09:58:41] Processed: App\Jobs\Metric[2016[2016-12-27 09:59:13] Processed: App\Jobs\MetricJob
-12-27 09:58:54] Processed: App\Jobs\CheckJob
[2016-12-27 09:59:22] Processed: App\Jobs\MetricJob
2016-12-27 09:58:58] Processed: App\Jobs\MetricJob[2016-12-27 09:59:06] Processed: App\Jobs\MetricJob
[2016-12-27 09:58:58] Processed: App\Jobs\CheckJob
[2[2016-12-27 09:59:13] Processed: App\Jobs\MetricJob
16-12-27 09:58:58] Processed: App\Jobs\CheckJob
b[2016-12-27 09:57:39] Processed: App\Jobs\MetricJob
[2016-12-27 09:58:01] Processed: App\Jobs\MetricJob
[2016-12-27 09:58:50] Processed: App\Jobs\MetricJob
016-12-27 09:57:40] Processed: App\Jobs\CheckJob
[2016-12-27 09:57:40] Processed: App\Jobs\CheckJob
[2016-12-27 09:58:32] Processed: App\Jobs\MetricJob
[2016-12-27 09:59:22] Processed: App\Jobs\MetricJob
[2016-12-27 09:59:22] Processed: App\Jobs\CheckJob
